2024-04-21 10:54:19,842:INFO:PyCaret Supervised Module
2024-04-21 10:54:19,842:INFO:ML Usecase: classification
2024-04-21 10:54:19,843:INFO:version 2.3.10
2024-04-21 10:54:19,843:INFO:Initializing setup()
2024-04-21 10:54:19,843:INFO:setup(display=None, profile_kwargs=None, profile=False, verbose=True, silent=False, log_data=False, log_profile=False, log_plots=False, experiment_custom_tags=None, experiment_name=None, log_experiment=False, session_id=121, html=True, custom_pipeline=None, use_gpu=False, n_jobs=-1, fold_groups=None, fold_shuffle=False, fold=10, fold_strategy=stratifiedkfold, data_split_stratify=False, data_split_shuffle=True, transform_target_method=box-cox, transform_target=False, fix_imbalance_method=None, fix_imbalance=False, interaction_threshold=0.01, feature_ratio=False, feature_interaction=False, feature_selection_method=classic, feature_selection_threshold=0.8, feature_selection=False, group_names=None, group_features=None, polynomial_threshold=0.1, trigonometry_features=False, polynomial_degree=2, polynomial_features=False, cluster_iter=20, create_clusters=False, remove_perfect_collinearity=True, multicollinearity_threshold=0.9, remove_multicollinearity=False, outliers_threshold=0.05, remove_outliers=False, bin_numeric_features=None, rare_level_threshold=0.1, combine_rare_levels=False, ignore_low_variance=False, pca_components=None, pca_method=linear, pca=False, unknown_categorical_method=least_frequent, handle_unknown_categorical=True, transformation_method=yeo-johnson, transformation=False, normalize_method=zscore, normalize=False, ignore_features=None, date_features=None, numeric_iterative_imputer=lightgbm, numeric_imputation=mean, numeric_features=None, high_cardinality_method=frequency, high_cardinality_features=None, ordinal_features=None, categorical_iterative_imputer=lightgbm, categorical_imputation=constant, categorical_features=None, iterative_imputation_iters=5, imputation_type=simple, preprocess=True, test_data=None, train_size=0.7, available_plots={'parameter': 'Hyperparameters', 'auc': 'AUC', 'confusion_matrix': 'Confusion Matrix', 'threshold': 'Threshold', 'pr': 'Precision Recall', 'error': 'Prediction Error', 'class_report': 'Class Report', 'rfe': 'Feature Selection', 'learning': 'Learning Curve', 'manifold': 'Manifold Learning', 'calibration': 'Calibration Curve', 'vc': 'Validation Curve', 'dimension': 'Dimensions', 'feature': 'Feature Importance', 'feature_all': 'Feature Importance (All)', 'boundary': 'Decision Boundary', 'lift': 'Lift Chart', 'gain': 'Gain Chart', 'tree': 'Decision Tree', 'ks': 'KS Statistic Plot'}, ml_usecase=classification, target=classification)
2024-04-21 10:54:19,843:INFO:Checking environment
2024-04-21 10:54:19,843:INFO:python_version: 3.6.15
2024-04-21 10:54:19,843:INFO:python_build: ('default', 'Apr 25 2022 01:55:53')
2024-04-21 10:54:19,844:INFO:machine: x86_64
2024-04-21 10:54:19,848:INFO:platform: Linux-5.15.0-89-generic-x86_64-with-Ubuntu-20.04-focal
2024-04-21 10:54:19,848:WARNING:cannot find psutil installation. memory not traceable. Install psutil using pip to enable memory logging.
2024-04-21 10:54:19,848:INFO:Checking libraries
2024-04-21 10:54:19,849:INFO:pd==1.1.5
2024-04-21 10:54:19,849:INFO:numpy==1.19.5
2024-04-21 10:54:19,849:INFO:sklearn==0.23.2
2024-04-21 10:54:19,849:INFO:lightgbm==4.3.0
2024-04-21 10:54:19,849:WARNING:catboost not found
2024-04-21 10:54:19,849:WARNING:xgboost not found
2024-04-21 10:54:19,849:INFO:mlflow==1.23.1
2024-04-21 10:54:19,849:INFO:Checking Exceptions
2024-04-21 10:54:42,879:INFO:PyCaret Supervised Module
2024-04-21 10:54:42,879:INFO:ML Usecase: classification
2024-04-21 10:54:42,880:INFO:version 2.3.10
2024-04-21 10:54:42,880:INFO:Initializing setup()
2024-04-21 10:54:42,881:INFO:setup(display=None, profile_kwargs=None, profile=False, verbose=True, silent=False, log_data=False, log_profile=False, log_plots=False, experiment_custom_tags=None, experiment_name=None, log_experiment=False, session_id=121, html=True, custom_pipeline=None, use_gpu=False, n_jobs=-1, fold_groups=None, fold_shuffle=False, fold=10, fold_strategy=stratifiedkfold, data_split_stratify=False, data_split_shuffle=True, transform_target_method=box-cox, transform_target=False, fix_imbalance_method=None, fix_imbalance=False, interaction_threshold=0.01, feature_ratio=False, feature_interaction=False, feature_selection_method=classic, feature_selection_threshold=0.8, feature_selection=False, group_names=None, group_features=None, polynomial_threshold=0.1, trigonometry_features=False, polynomial_degree=2, polynomial_features=False, cluster_iter=20, create_clusters=False, remove_perfect_collinearity=True, multicollinearity_threshold=0.9, remove_multicollinearity=False, outliers_threshold=0.05, remove_outliers=False, bin_numeric_features=None, rare_level_threshold=0.1, combine_rare_levels=False, ignore_low_variance=False, pca_components=None, pca_method=linear, pca=False, unknown_categorical_method=least_frequent, handle_unknown_categorical=True, transformation_method=yeo-johnson, transformation=False, normalize_method=zscore, normalize=False, ignore_features=None, date_features=None, numeric_iterative_imputer=lightgbm, numeric_imputation=mean, numeric_features=None, high_cardinality_method=frequency, high_cardinality_features=None, ordinal_features=None, categorical_iterative_imputer=lightgbm, categorical_imputation=constant, categorical_features=None, iterative_imputation_iters=5, imputation_type=simple, preprocess=True, test_data=None, train_size=0.7, available_plots={'parameter': 'Hyperparameters', 'auc': 'AUC', 'confusion_matrix': 'Confusion Matrix', 'threshold': 'Threshold', 'pr': 'Precision Recall', 'error': 'Prediction Error', 'class_report': 'Class Report', 'rfe': 'Feature Selection', 'learning': 'Learning Curve', 'manifold': 'Manifold Learning', 'calibration': 'Calibration Curve', 'vc': 'Validation Curve', 'dimension': 'Dimensions', 'feature': 'Feature Importance', 'feature_all': 'Feature Importance (All)', 'boundary': 'Decision Boundary', 'lift': 'Lift Chart', 'gain': 'Gain Chart', 'tree': 'Decision Tree', 'ks': 'KS Statistic Plot'}, ml_usecase=classification, target=Label)
2024-04-21 10:54:42,881:INFO:Checking environment
2024-04-21 10:54:42,881:INFO:python_version: 3.6.15
2024-04-21 10:54:42,881:INFO:python_build: ('default', 'Apr 25 2022 01:55:53')
2024-04-21 10:54:42,881:INFO:machine: x86_64
2024-04-21 10:54:42,881:INFO:platform: Linux-5.15.0-89-generic-x86_64-with-Ubuntu-20.04-focal
2024-04-21 10:54:42,881:WARNING:cannot find psutil installation. memory not traceable. Install psutil using pip to enable memory logging.
2024-04-21 10:54:42,881:INFO:Checking libraries
2024-04-21 10:54:42,881:INFO:pd==1.1.5
2024-04-21 10:54:42,882:INFO:numpy==1.19.5
2024-04-21 10:54:42,882:INFO:sklearn==0.23.2
2024-04-21 10:54:42,882:INFO:lightgbm==4.3.0
2024-04-21 10:54:42,882:WARNING:catboost not found
2024-04-21 10:54:42,882:WARNING:xgboost not found
2024-04-21 10:54:42,883:INFO:mlflow==1.23.1
2024-04-21 10:54:42,883:INFO:Checking Exceptions
2024-04-21 10:54:42,883:INFO:Declaring global variables
2024-04-21 10:54:42,883:INFO:USI: 537b
2024-04-21 10:54:42,883:INFO:pycaret_globals: {'X', 'fold_groups_param_full', 'imputation_regressor', '_ml_usecase', 'stratify_param', 'fold_groups_param', 'create_model_container', '_all_metrics', 'fold_param', 'n_jobs_param', 'y_test', 'iterative_imputation_iters_param', 'fix_imbalance_method_param', 'y_train', 'experiment__', 'fold_generator', 'logging_param', 'target_param', 'transform_target_method_param', 'USI', 'X_train', 'data_before_preprocess', 'transform_target_param', 'exp_name_log', 'prep_pipe', 'log_plots_param', 'X_test', 'fix_imbalance_param', 'seed', 'dashboard_logger', 'display_container', '_all_models', 'fold_shuffle_param', '_available_plots', 'imputation_classifier', 'y', 'html_param', 'gpu_param', '_gpu_n_jobs_param', 'master_model_container', '_internal_pipeline', 'pycaret_globals', '_all_models_internal'}
2024-04-21 10:54:42,883:INFO:Preparing display monitor
2024-04-21 10:54:42,883:INFO:Preparing display monitor
2024-04-21 10:54:42,926:INFO:Importing libraries
2024-04-21 10:54:42,927:INFO:Copying data for preprocessing
2024-04-21 10:54:43,327:INFO:Declaring preprocessing parameters
2024-04-21 10:54:44,189:INFO:Creating preprocessing pipeline
2024-04-21 10:54:47,273:INFO:Preprocessing pipeline created successfully
2024-04-21 10:54:47,273:ERROR:(Process Exit): setup has been interupted with user command 'quit'. setup must rerun.
2024-04-21 10:54:47,273:INFO:Creating global containers
2024-04-21 10:54:47,274:INFO:Internal pipeline: Pipeline(memory=None, steps=[('empty_step', 'passthrough')], verbose=False)
2024-04-21 10:56:06,832:INFO:PyCaret Supervised Module
2024-04-21 10:56:06,833:INFO:ML Usecase: classification
2024-04-21 10:56:06,833:INFO:version 2.3.10
2024-04-21 10:56:06,833:INFO:Initializing setup()
2024-04-21 10:56:06,833:INFO:setup(display=None, profile_kwargs=None, profile=False, verbose=True, silent=False, log_data=False, log_profile=False, log_plots=False, experiment_custom_tags=None, experiment_name=None, log_experiment=False, session_id=121, html=True, custom_pipeline=None, use_gpu=False, n_jobs=-1, fold_groups=None, fold_shuffle=False, fold=10, fold_strategy=stratifiedkfold, data_split_stratify=False, data_split_shuffle=True, transform_target_method=box-cox, transform_target=False, fix_imbalance_method=None, fix_imbalance=False, interaction_threshold=0.01, feature_ratio=False, feature_interaction=False, feature_selection_method=classic, feature_selection_threshold=0.8, feature_selection=False, group_names=None, group_features=None, polynomial_threshold=0.1, trigonometry_features=False, polynomial_degree=2, polynomial_features=False, cluster_iter=20, create_clusters=False, remove_perfect_collinearity=True, multicollinearity_threshold=0.9, remove_multicollinearity=False, outliers_threshold=0.05, remove_outliers=False, bin_numeric_features=None, rare_level_threshold=0.1, combine_rare_levels=False, ignore_low_variance=False, pca_components=None, pca_method=linear, pca=False, unknown_categorical_method=least_frequent, handle_unknown_categorical=True, transformation_method=yeo-johnson, transformation=False, normalize_method=zscore, normalize=False, ignore_features=None, date_features=None, numeric_iterative_imputer=lightgbm, numeric_imputation=mean, numeric_features=None, high_cardinality_method=frequency, high_cardinality_features=None, ordinal_features=None, categorical_iterative_imputer=lightgbm, categorical_imputation=constant, categorical_features=None, iterative_imputation_iters=5, imputation_type=simple, preprocess=True, test_data=None, train_size=0.7, available_plots={'parameter': 'Hyperparameters', 'auc': 'AUC', 'confusion_matrix': 'Confusion Matrix', 'threshold': 'Threshold', 'pr': 'Precision Recall', 'error': 'Prediction Error', 'class_report': 'Class Report', 'rfe': 'Feature Selection', 'learning': 'Learning Curve', 'manifold': 'Manifold Learning', 'calibration': 'Calibration Curve', 'vc': 'Validation Curve', 'dimension': 'Dimensions', 'feature': 'Feature Importance', 'feature_all': 'Feature Importance (All)', 'boundary': 'Decision Boundary', 'lift': 'Lift Chart', 'gain': 'Gain Chart', 'tree': 'Decision Tree', 'ks': 'KS Statistic Plot'}, ml_usecase=classification, target=Label)
2024-04-21 10:56:06,833:INFO:Checking environment
2024-04-21 10:56:06,833:INFO:python_version: 3.6.15
2024-04-21 10:56:06,833:INFO:python_build: ('default', 'Apr 25 2022 01:55:53')
2024-04-21 10:56:06,834:INFO:machine: x86_64
2024-04-21 10:56:06,834:INFO:platform: Linux-5.15.0-89-generic-x86_64-with-Ubuntu-20.04-focal
2024-04-21 10:56:06,834:WARNING:cannot find psutil installation. memory not traceable. Install psutil using pip to enable memory logging.
2024-04-21 10:56:06,834:INFO:Checking libraries
2024-04-21 10:56:06,834:INFO:pd==1.1.5
2024-04-21 10:56:06,834:INFO:numpy==1.19.5
2024-04-21 10:56:06,834:INFO:sklearn==0.23.2
2024-04-21 10:56:06,834:INFO:lightgbm==4.3.0
2024-04-21 10:56:06,834:WARNING:catboost not found
2024-04-21 10:56:06,835:WARNING:xgboost not found
2024-04-21 10:56:06,835:INFO:mlflow==1.23.1
2024-04-21 10:56:06,835:INFO:Checking Exceptions
2024-04-21 10:56:06,835:INFO:Declaring global variables
2024-04-21 10:56:06,835:INFO:USI: 7a66
2024-04-21 10:56:06,835:INFO:pycaret_globals: {'X', 'fold_groups_param_full', 'imputation_regressor', '_ml_usecase', 'stratify_param', 'fold_groups_param', 'create_model_container', '_all_metrics', 'fold_param', 'n_jobs_param', 'y_test', 'iterative_imputation_iters_param', 'fix_imbalance_method_param', 'y_train', 'experiment__', 'fold_generator', 'logging_param', 'target_param', 'transform_target_method_param', 'USI', 'X_train', 'data_before_preprocess', 'transform_target_param', 'exp_name_log', 'prep_pipe', 'log_plots_param', 'X_test', 'fix_imbalance_param', 'seed', 'dashboard_logger', 'display_container', '_all_models', 'fold_shuffle_param', '_available_plots', 'imputation_classifier', 'y', 'html_param', 'gpu_param', '_gpu_n_jobs_param', 'master_model_container', '_internal_pipeline', 'pycaret_globals', '_all_models_internal'}
2024-04-21 10:56:06,835:INFO:Preparing display monitor
2024-04-21 10:56:06,835:INFO:Preparing display monitor
2024-04-21 10:56:06,852:INFO:Importing libraries
2024-04-21 10:56:06,852:INFO:Copying data for preprocessing
2024-04-21 10:56:07,390:INFO:Declaring preprocessing parameters
2024-04-21 10:56:08,217:INFO:Creating preprocessing pipeline
2024-04-21 10:56:11,146:INFO:Preprocessing pipeline created successfully
2024-04-21 10:56:11,147:ERROR:(Process Exit): setup has been interupted with user command 'quit'. setup must rerun.
2024-04-21 10:56:11,147:INFO:Creating global containers
2024-04-21 10:56:11,147:INFO:Internal pipeline: Pipeline(memory=None, steps=[('empty_step', 'passthrough')], verbose=False)
